#
# There is insufficient memory for the Java Runtime Environment to continue.
# Native memory allocation (mmap) failed to map 100663296 bytes for committing reserved memory.
# Possible reasons:
#   The system is out of physical RAM or swap space
#   In 32 bit mode, the process size limit was hit
# Possible solutions:
#   Reduce memory load on the system
#   Increase physical memory or swap space
#   Check if swap backing store is full
#   Use 64 bit Java on a 64 bit OS
#   Decrease Java heap size (-Xmx/-Xms)
#   Decrease number of Java threads
#   Decrease Java thread stack sizes (-Xss)
#   Set larger code cache with -XX:ReservedCodeCacheSize=
# This output file may be truncated or incomplete.
#
#  Out of Memory Error (os_linux.cpp:2640), pid=19641, tid=0x00007f12d8880700
#
# JRE version: Java(TM) SE Runtime Environment (8.0_131-b11) (build 1.8.0_131-b11)
# Java VM: Java HotSpot(TM) 64-Bit Server VM (25.131-b11 mixed mode linux-amd64 compressed oops)
# Failed to write core dump. Core dumps have been disabled. To enable core dumping, try "ulimit -c unlimited" before starting Java again
#

---------------  T H R E A D  ---------------

Current thread (0x00007f12d4074000):  VMThread [stack: 0x00007f12d8780000,0x00007f12d8881000] [id=19647]

Stack: [0x00007f12d8780000,0x00007f12d8881000],  sp=0x00007f12d887f1a0,  free space=1020k
Native frames: (J=compiled Java code, j=interpreted, Vv=VM code, C=native code)
V  [libjvm.so+0xac826a]  VMError::report_and_die()+0x2ba
V  [libjvm.so+0x4fd4cb]  report_vm_out_of_memory(char const*, int, unsigned long, VMErrorType, char const*)+0x8b
V  [libjvm.so+0x924f53]  os::Linux::commit_memory_impl(char*, unsigned long, bool)+0x103
V  [libjvm.so+0x9254a9]  os::pd_commit_memory(char*, unsigned long, unsigned long, bool)+0x29
V  [libjvm.so+0x91f6ca]  os::commit_memory(char*, unsigned long, unsigned long, bool)+0x2a
V  [libjvm.so+0x9941e3]  PSVirtualSpace::expand_by(unsigned long)+0x53
V  [libjvm.so+0x9955e8]  PSYoungGen::resize_generation(unsigned long, unsigned long)+0xf8
V  [libjvm.so+0x994742]  PSYoungGen::resize(unsigned long, unsigned long)+0x22
V  [libjvm.so+0x991a1b]  PSScavenge::invoke_no_policy()+0xf3b
V  [libjvm.so+0x9921a1]  PSScavenge::invoke()+0x41
V  [libjvm.so+0x948f00]  ParallelScavengeHeap::failed_mem_allocate(unsigned long)+0x70
V  [libjvm.so+0xac9c87]  VM_ParallelGCFailedAllocation::doit()+0x97
V  [libjvm.so+0xad1765]  VM_Operation::evaluate()+0x55
V  [libjvm.so+0xacfb3a]  VMThread::evaluate_operation(VM_Operation*)+0xba
V  [libjvm.so+0xacfebe]  VMThread::loop()+0x1ce
V  [libjvm.so+0xad0330]  VMThread::run()+0x70
V  [libjvm.so+0x927568]  java_start(Thread*)+0x108

VM_Operation (0x00007f12dd6ea0d0): ParallelGCFailedAllocation, mode: safepoint, requested by thread 0x00007f12d400a800


---------------  P R O C E S S  ---------------

Java Threads: ( => current thread )
  0x00007f12d40bb800 JavaThread "Service Thread" daemon [_thread_blocked, id=19653, stack(0x00007f12c2cfd000,0x00007f12c2dfe000)]
  0x00007f12d40b9000 JavaThread "C1 CompilerThread1" daemon [_thread_blocked, id=19652, stack(0x00007f12c2dfe000,0x00007f12c2eff000)]
  0x00007f12d40b6000 JavaThread "C2 CompilerThread0" daemon [_thread_blocked, id=19651, stack(0x00007f12c2eff000,0x00007f12c3000000)]
  0x00007f12d40b4800 JavaThread "Signal Dispatcher" daemon [_thread_blocked, id=19650, stack(0x00007f12d8074000,0x00007f12d8175000)]
  0x00007f12d4080800 JavaThread "Finalizer" daemon [_thread_blocked, id=19649, stack(0x00007f12d857e000,0x00007f12d867f000)]
  0x00007f12d407b800 JavaThread "Reference Handler" daemon [_thread_blocked, id=19648, stack(0x00007f12d867f000,0x00007f12d8780000)]
  0x00007f12d400a800 JavaThread "main" [_thread_blocked, id=19643, stack(0x00007f12dd5ed000,0x00007f12dd6ee000)]

Other Threads:
=>0x00007f12d4074000 VMThread [stack: 0x00007f12d8780000,0x00007f12d8881000] [id=19647]
  0x00007f12d40be800 WatcherThread [stack: 0x00007f12c2bfc000,0x00007f12c2cfd000] [id=19654]

VM state:at safepoint (normal execution)

VM Mutex/Monitor currently owned by a thread:  ([mutex/lock_event])
[0x00007f12d40068f0] Threads_lock - owner thread: 0x00007f12d4074000
[0x00007f12d4006df0] Heap_lock - owner thread: 0x00007f12d400a800

Heap:
 PSYoungGen      total 103936K, used 2176K [0x00000000eab00000, 0x00000000f1600000, 0x0000000100000000)
  eden space 98304K, 0% used [0x00000000eab00000,0x00000000eab00000,0x00000000f0b00000)
  from space 5632K, 38% used [0x00000000f0b00000,0x00000000f0d20000,0x00000000f1080000)
  to   space 5632K, 0% used [0x00000000f1080000,0x00000000f1080000,0x00000000f1600000)
 ParOldGen       total 32768K, used 7044K [0x00000000c0000000, 0x00000000c2000000, 0x00000000eab00000)
  object space 32768K, 21% used [0x00000000c0000000,0x00000000c06e1058,0x00000000c2000000)
 Metaspace       used 5993K, capacity 6256K, committed 6528K, reserved 1056768K
  class space    used 564K, capacity 592K, committed 640K, reserved 1048576K

Card table byte_map: [0x00007f12da194000,0x00007f12da395000] byte_map_base: 0x00007f12d9b94000

Marking Bits: (ParMarkBitMap*) 0x00007f12dcac0f60
 Begin Bits: [0x00007f12c3000000, 0x00007f12c4000000)
 End Bits:   [0x00007f12c4000000, 0x00007f12c5000000)

Polling page: 0x00007f12dd711000

CodeCache: size=245760Kb used=5331Kb max_used=5331Kb free=240428Kb
 bounds [0x00007f12c5000000, 0x00007f12c5540000, 0x00007f12d4000000]
 total_blobs=1657 nmethods=1387 adapters=183
 compilation: enabled

Compilation events (10 events):
Event: 1,367 Thread 0x00007f12d40b9000 1411       2       com.vaadin.sass.internal.tree.DefNode::replaceVariables (13 bytes)
Event: 1,367 Thread 0x00007f12d40b9000 nmethod 1411 0x00007f12c5536110 code [0x00007f12c5536280, 0x00007f12c5536428]
Event: 1,367 Thread 0x00007f12d40b9000 1412       2       com.vaadin.sass.internal.ScssContext::getMixinDefinition (9 bytes)
Event: 1,368 Thread 0x00007f12d40b9000 nmethod 1412 0x00007f12c5535c90 code [0x00007f12c5535e00, 0x00007f12c5535fa8]
Event: 1,368 Thread 0x00007f12d40b9000 1413   !   2       com.vaadin.sass.internal.visitor.MixinNodeHandler::replaceMixinNode (160 bytes)
Event: 1,369 Thread 0x00007f12d40b9000 nmethod 1413 0x00007f12c5533ad0 code [0x00007f12c5533d80, 0x00007f12c5534a78]
Event: 1,370 Thread 0x00007f12d40b9000 1414       2       java.lang.Float::valueOf (9 bytes)
Event: 1,370 Thread 0x00007f12d40b9000 nmethod 1414 0x00007f12c5533790 code [0x00007f12c55338e0, 0x00007f12c5533a50]
Event: 1,375 Thread 0x00007f12d40b9000 1415       2       com.vaadin.sass.internal.ScssContext::getVariables (8 bytes)
Event: 1,375 Thread 0x00007f12d40b9000 nmethod 1415 0x00007f12c5537a10 code [0x00007f12c5537b80, 0x00007f12c5537d08]

GC Heap History (10 events):
Event: 0,454 GC heap after
Heap after GC invocations=2 (full 0):
 PSYoungGen      total 26624K, used 2032K [0x00000000eab00000, 0x00000000ec700000, 0x0000000100000000)
  eden space 24576K, 0% used [0x00000000eab00000,0x00000000eab00000,0x00000000ec300000)
  from space 2048K, 99% used [0x00000000ec500000,0x00000000ec6fc030,0x00000000ec700000)
  to   space 2048K, 0% used [0x00000000ec300000,0x00000000ec300000,0x00000000ec500000)
 ParOldGen       total 32768K, used 779K [0x00000000c0000000, 0x00000000c2000000, 0x00000000eab00000)
  object space 32768K, 2% used [0x00000000c0000000,0x00000000c00c2fb0,0x00000000c2000000)
 Metaspace       used 5368K, capacity 5872K, committed 6016K, reserved 1056768K
  class space    used 554K, capacity 592K, committed 640K, reserved 1048576K
}
Event: 0,818 GC heap before
{Heap before GC invocations=3 (full 0):
 PSYoungGen      total 26624K, used 26608K [0x00000000eab00000, 0x00000000ec700000, 0x0000000100000000)
  eden space 24576K, 100% used [0x00000000eab00000,0x00000000ec300000,0x00000000ec300000)
  from space 2048K, 99% used [0x00000000ec500000,0x00000000ec6fc030,0x00000000ec700000)
  to   space 2048K, 0% used [0x00000000ec300000,0x00000000ec300000,0x00000000ec500000)
 ParOldGen       total 32768K, used 779K [0x00000000c0000000, 0x00000000c2000000, 0x00000000eab00000)
  object space 32768K, 2% used [0x00000000c0000000,0x00000000c00c2fb0,0x00000000c2000000)
 Metaspace       used 5768K, capacity 6128K, committed 6272K, reserved 1056768K
  class space    used 561K, capacity 592K, committed 640K, reserved 1048576K
Event: 0,828 GC heap after
Heap after GC invocations=3 (full 0):
 PSYoungGen      total 26624K, used 2032K [0x00000000eab00000, 0x00000000edf00000, 0x0000000100000000)
  eden space 24576K, 0% used [0x00000000eab00000,0x00000000eab00000,0x00000000ec300000)
  from space 2048K, 99% used [0x00000000ec300000,0x00000000ec4fc010,0x00000000ec500000)
  to   space 2048K, 0% used [0x00000000edd00000,0x00000000edd00000,0x00000000edf00000)
 ParOldGen       total 32768K, used 4144K [0x00000000c0000000, 0x00000000c2000000, 0x00000000eab00000)
  object space 32768K, 12% used [0x00000000c0000000,0x00000000c040c3f0,0x00000000c2000000)
 Metaspace       used 5768K, capacity 6128K, committed 6272K, reserved 1056768K
  class space    used 561K, capacity 592K, committed 640K, reserved 1048576K
}
Event: 0,947 GC heap before
{Heap before GC invocations=4 (full 0):
 PSYoungGen      total 26624K, used 26608K [0x00000000eab00000, 0x00000000edf00000, 0x0000000100000000)
  eden space 24576K, 100% used [0x00000000eab00000,0x00000000ec300000,0x00000000ec300000)
  from space 2048K, 99% used [0x00000000ec300000,0x00000000ec4fc010,0x00000000ec500000)
  to   space 2048K, 0% used [0x00000000edd00000,0x00000000edd00000,0x00000000edf00000)
 ParOldGen       total 32768K, used 4144K [0x00000000c0000000, 0x00000000c2000000, 0x00000000eab00000)
  object space 32768K, 12% used [0x00000000c0000000,0x00000000c040c3f0,0x00000000c2000000)
 Metaspace       used 5852K, capacity 6192K, committed 6272K, reserved 1056768K
  class space    used 564K, capacity 592K, committed 640K, reserved 1048576K
Event: 0,964 GC heap after
Heap after GC invocations=4 (full 0):
 PSYoungGen      total 51200K, used 2048K [0x00000000eab00000, 0x00000000edf00000, 0x0000000100000000)
  eden space 49152K, 0% used [0x00000000eab00000,0x00000000eab00000,0x00000000edb00000)
  from space 2048K, 100% used [0x00000000edd00000,0x00000000edf00000,0x00000000edf00000)
  to   space 2048K, 0% used [0x00000000edb00000,0x00000000edb00000,0x00000000edd00000)
 ParOldGen       total 32768K, used 6204K [0x00000000c0000000, 0x00000000c2000000, 0x00000000eab00000)
  object space 32768K, 18% used [0x00000000c0000000,0x00000000c060f058,0x00000000c2000000)
 Metaspace       used 5852K, capacity 6192K, committed 6272K, reserved 1056768K
  class space    used 564K, capacity 592K, committed 640K, reserved 1048576K
}
Event: 1,072 GC heap before
{Heap before GC invocations=5 (full 0):
 PSYoungGen      total 51200K, used 51200K [0x00000000eab00000, 0x00000000edf00000, 0x0000000100000000)
  eden space 49152K, 100% used [0x00000000eab00000,0x00000000edb00000,0x00000000edb00000)
  from space 2048K, 100% used [0x00000000edd00000,0x00000000edf00000,0x00000000edf00000)
  to   space 2048K, 0% used [0x00000000edb00000,0x00000000edb00000,0x00000000edd00000)
 ParOldGen       total 32768K, used 6204K [0x00000000c0000000, 0x00000000c2000000, 0x00000000eab00000)
  object space 32768K, 18% used [0x00000000c0000000,0x00000000c060f058,0x00000000c2000000)
 Metaspace       used 5878K, capacity 6192K, committed 6272K, reserved 1056768K
  class space    used 564K, capacity 592K, committed 640K, reserved 1048576K
Event: 1,076 GC heap after
Heap after GC invocations=5 (full 0):
 PSYoungGen      total 51200K, used 2048K [0x00000000eab00000, 0x00000000f1600000, 0x0000000100000000)
  eden space 49152K, 0% used [0x00000000eab00000,0x00000000eab00000,0x00000000edb00000)
  from space 2048K, 100% used [0x00000000edb00000,0x00000000edd00000,0x00000000edd00000)
  to   space 5632K, 0% used [0x00000000f1080000,0x00000000f1080000,0x00000000f1600000)
 ParOldGen       total 32768K, used 6452K [0x00000000c0000000, 0x00000000c2000000, 0x00000000eab00000)
  object space 32768K, 19% used [0x00000000c0000000,0x00000000c064d058,0x00000000c2000000)
 Metaspace       used 5878K, capacity 6192K, committed 6272K, reserved 1056768K
  class space    used 564K, capacity 592K, committed 640K, reserved 1048576K
}
Event: 1,134 GC heap before
{Heap before GC invocations=6 (full 0):
 PSYoungGen      total 51200K, used 51200K [0x00000000eab00000, 0x00000000f1600000, 0x0000000100000000)
  eden space 49152K, 100% used [0x00000000eab00000,0x00000000edb00000,0x00000000edb00000)
  from space 2048K, 100% used [0x00000000edb00000,0x00000000edd00000,0x00000000edd00000)
  to   space 5632K, 0% used [0x00000000f1080000,0x00000000f1080000,0x00000000f1600000)
 ParOldGen       total 32768K, used 6452K [0x00000000c0000000, 0x00000000c2000000, 0x00000000eab00000)
  object space 32768K, 19% used [0x00000000c0000000,0x00000000c064d058,0x00000000c2000000)
 Metaspace       used 5915K, capacity 6192K, committed 6272K, reserved 1056768K
  class space    used 564K, capacity 592K, committed 640K, reserved 1048576K
Event: 1,143 GC heap after
Heap after GC invocations=6 (full 0):
 PSYoungGen      total 103936K, used 2272K [0x00000000eab00000, 0x00000000f1600000, 0x0000000100000000)
  eden space 98304K, 0% used [0x00000000eab00000,0x00000000eab00000,0x00000000f0b00000)
  from space 5632K, 40% used [0x00000000f1080000,0x00000000f12b8000,0x00000000f1600000)
  to   space 5632K, 0% used [0x00000000f0b00000,0x00000000f0b00000,0x00000000f1080000)
 ParOldGen       total 32768K, used 6452K [0x00000000c0000000, 0x00000000c2000000, 0x00000000eab00000)
  object space 32768K, 19% used [0x00000000c0000000,0x00000000c064d058,0x00000000c2000000)
 Metaspace       used 5915K, capacity 6192K, committed 6272K, reserved 1056768K
  class space    used 564K, capacity 592K, committed 640K, reserved 1048576K
}
Event: 1,376 GC heap before
{Heap before GC invocations=7 (full 0):
 PSYoungGen      total 103936K, used 100576K [0x00000000eab00000, 0x00000000f1600000, 0x0000000100000000)
  eden space 98304K, 100% used [0x00000000eab00000,0x00000000f0b00000,0x00000000f0b00000)
  from space 5632K, 40% used [0x00000000f1080000,0x00000000f12b8000,0x00000000f1600000)
  to   space 5632K, 0% used [0x00000000f0b00000,0x00000000f0b00000,0x00000000f1080000)
 ParOldGen       total 32768K, used 6452K [0x00000000c0000000, 0x00000000c2000000, 0x00000000eab00000)
  object space 32768K, 19% used [0x00000000c0000000,0x00000000c064d058,0x00000000c2000000)
 Metaspace       used 5993K, capacity 6256K, committed 6528K, reserved 1056768K
  class space    used 564K, capacity 592K, committed 640K, reserved 1048576K

Deoptimization events (10 events):
Event: 0,610 Thread 0x00007f12d400a800 Uncommon trap: reason=class_check action=maybe_recompile pc=0x00007f12c52f289c method=java.util.regex.Matcher.match(II)Z @ 86
Event: 0,610 Thread 0x00007f12d400a800 Uncommon trap: reason=class_check action=maybe_recompile pc=0x00007f12c52f289c method=java.util.regex.Matcher.match(II)Z @ 86
Event: 0,617 Thread 0x00007f12d400a800 Uncommon trap: reason=bimorphic action=maybe_recompile pc=0x00007f12c5305ff0 method=java.util.regex.Pattern$Branch.match(Ljava/util/regex/Matcher;ILjava/lang/CharSequence;)Z @ 50
Event: 0,617 Thread 0x00007f12d400a800 Uncommon trap: reason=bimorphic action=maybe_recompile pc=0x00007f12c5305ff0 method=java.util.regex.Pattern$Branch.match(Ljava/util/regex/Matcher;ILjava/lang/CharSequence;)Z @ 50
Event: 0,617 Thread 0x00007f12d400a800 Uncommon trap: reason=bimorphic action=maybe_recompile pc=0x00007f12c5305ff0 method=java.util.regex.Pattern$Branch.match(Ljava/util/regex/Matcher;ILjava/lang/CharSequence;)Z @ 50
Event: 0,617 Thread 0x00007f12d400a800 Uncommon trap: reason=bimorphic action=maybe_recompile pc=0x00007f12c5305ff0 method=java.util.regex.Pattern$Branch.match(Ljava/util/regex/Matcher;ILjava/lang/CharSequence;)Z @ 50
Event: 0,619 Thread 0x00007f12d400a800 Uncommon trap: reason=unstable_if action=reinterpret pc=0x00007f12c513952c method=java.lang.String.startsWith(Ljava/lang/String;I)Z @ 25
Event: 0,649 Thread 0x00007f12d400a800 Uncommon trap: reason=unstable_if action=reinterpret pc=0x00007f12c51d608c method=com.vaadin.sass.internal.parser.ParserTokenManager.jjCheckNAdd(I)V @ 10
Event: 0,649 Thread 0x00007f12d400a800 Uncommon trap: reason=unstable_if action=reinterpret pc=0x00007f12c51a81e8 method=com.vaadin.sass.internal.parser.ParserTokenManager.jjCheckNAdd(I)V @ 10
Event: 0,649 Thread 0x00007f12d400a800 Uncommon trap: reason=unstable_if action=reinterpret pc=0x00007f12c52ebbb8 method=com.vaadin.sass.internal.parser.Parser.convertStringIndex(Ljava/lang/String;II)Ljava/lang/String; @ 31

Internal exceptions (10 events):
Event: 0,883 Thread 0x00007f12d400a800 Exception <a 'java/io/FileNotFoundException'> (0x00000000eb1e8ae0) thrown at [/HUDSON/workspace/8-2-build-linux-amd64/jdk8u131/8869/hotspot/src/share/vm/prims/jni.cpp, line 709]
Event: 0,883 Thread 0x00007f12d400a800 Exception <a 'java/io/FileNotFoundException'> (0x00000000eb20bba0) thrown at [/HUDSON/workspace/8-2-build-linux-amd64/jdk8u131/8869/hotspot/src/share/vm/prims/jni.cpp, line 709]
Event: 0,883 Thread 0x00007f12d400a800 Exception <a 'java/io/FileNotFoundException'> (0x00000000eb20ca38) thrown at [/HUDSON/workspace/8-2-build-linux-amd64/jdk8u131/8869/hotspot/src/share/vm/prims/jni.cpp, line 709]
Event: 0,883 Thread 0x00007f12d400a800 Exception <a 'java/io/FileNotFoundException'> (0x00000000eb20d278) thrown at [/HUDSON/workspace/8-2-build-linux-amd64/jdk8u131/8869/hotspot/src/share/vm/prims/jni.cpp, line 709]
Event: 0,884 Thread 0x00007f12d400a800 Exception <a 'java/io/FileNotFoundException'> (0x00000000eb22ce50) thrown at [/HUDSON/workspace/8-2-build-linux-amd64/jdk8u131/8869/hotspot/src/share/vm/prims/jni.cpp, line 709]
Event: 0,884 Thread 0x00007f12d400a800 Exception <a 'java/io/FileNotFoundException'> (0x00000000eb22dce8) thrown at [/HUDSON/workspace/8-2-build-linux-amd64/jdk8u131/8869/hotspot/src/share/vm/prims/jni.cpp, line 709]
Event: 0,884 Thread 0x00007f12d400a800 Exception <a 'java/io/FileNotFoundException'> (0x00000000eb22e528) thrown at [/HUDSON/workspace/8-2-build-linux-amd64/jdk8u131/8869/hotspot/src/share/vm/prims/jni.cpp, line 709]
Event: 0,889 Thread 0x00007f12d400a800 Exception <a 'java/io/FileNotFoundException'> (0x00000000eb328158) thrown at [/HUDSON/workspace/8-2-build-linux-amd64/jdk8u131/8869/hotspot/src/share/vm/prims/jni.cpp, line 709]
Event: 0,889 Thread 0x00007f12d400a800 Exception <a 'java/io/FileNotFoundException'> (0x00000000eb329028) thrown at [/HUDSON/workspace/8-2-build-linux-amd64/jdk8u131/8869/hotspot/src/share/vm/prims/jni.cpp, line 709]
Event: 0,889 Thread 0x00007f12d400a800 Exception <a 'java/io/FileNotFoundException'> (0x00000000eb329898) thrown at [/HUDSON/workspace/8-2-build-linux-amd64/jdk8u131/8869/hotspot/src/share/vm/prims/jni.cpp, line 709]

Events (10 events):
Event: 1,150 Thread 0x00007f12d400a800 DEOPT UNPACKING pc=0x00007f12c5047633 sp=0x00007f12dd6ea0f0 mode 0
Event: 1,150 Thread 0x00007f12d400a800 DEOPT PACKING pc=0x00007f12c5411dde sp=0x00007f12dd6ea3a0
Event: 1,150 Thread 0x00007f12d400a800 DEOPT UNPACKING pc=0x00007f12c5047633 sp=0x00007f12dd6ea0f0 mode 0
Event: 1,150 Thread 0x00007f12d400a800 DEOPT PACKING pc=0x00007f12c5411dde sp=0x00007f12dd6ea3a0
Event: 1,150 Thread 0x00007f12d400a800 DEOPT UNPACKING pc=0x00007f12c5047633 sp=0x00007f12dd6ea0f0 mode 0
Event: 1,306 Thread 0x00007f12d400a800 DEOPT PACKING pc=0x00007f12c5496397 sp=0x00007f12dd6ea2c0
Event: 1,306 Thread 0x00007f12d400a800 DEOPT UNPACKING pc=0x00007f12c5047633 sp=0x00007f12dd6ea040 mode 0
Event: 1,355 Thread 0x00007f12d400a800 DEOPT PACKING pc=0x00007f12c54bd646 sp=0x00007f12dd6e9630
Event: 1,355 Thread 0x00007f12d400a800 DEOPT UNPACKING pc=0x00007f12c5047633 sp=0x00007f12dd6e9448 mode 0
Event: 1,376 Executing VM operation: ParallelGCFailedAllocation


Dynamic libraries:
00400000-00401000 r-xp 00000000 08:01 1984820                            /usr/lib/jvm/java-8-oracle/jre/bin/java
00600000-00601000 rw-p 00000000 08:01 1984820                            /usr/lib/jvm/java-8-oracle/jre/bin/java
00822000-00843000 rw-p 00000000 00:00 0                                  [heap]
c0000000-c2000000 rw-p 00000000 00:00 0 
c2000000-eab00000 ---p 00000000 00:00 0 
eab00000-f1600000 rw-p 00000000 00:00 0 
f7600000-100000000 ---p 00000000 00:00 0 
100000000-1000a0000 rw-p 00000000 00:00 0 
1000a0000-140000000 ---p 00000000 00:00 0 
7f1294000000-7f1294021000 rw-p 00000000 00:00 0 
7f1294021000-7f1298000000 ---p 00000000 00:00 0 
7f129c000000-7f129cadf000 rw-p 00000000 00:00 0 
7f129cadf000-7f12a0000000 ---p 00000000 00:00 0 
7f12a0000000-7f12a0021000 rw-p 00000000 00:00 0 
7f12a0021000-7f12a4000000 ---p 00000000 00:00 0 
7f12a4000000-7f12a4021000 rw-p 00000000 00:00 0 
7f12a4021000-7f12a8000000 ---p 00000000 00:00 0 
7f12a8000000-7f12a8a6a000 rw-p 00000000 00:00 0 
7f12a8a6a000-7f12ac000000 ---p 00000000 00:00 0 
7f12ac000000-7f12ac021000 rw-p 00000000 00:00 0 
7f12ac021000-7f12b0000000 ---p 00000000 00:00 0 
7f12b0000000-7f12b0021000 rw-p 00000000 00:00 0 
7f12b0021000-7f12b4000000 ---p 00000000 00:00 0 
7f12b4000000-7f12b4021000 rw-p 00000000 00:00 0 
7f12b4021000-7f12b8000000 ---p 00000000 00:00 0 
7f12b8000000-7f12b828d000 rw-p 00000000 00:00 0 
7f12b828d000-7f12bc000000 ---p 00000000 00:00 0 
7f12bc000000-7f12bc021000 rw-p 00000000 00:00 0 
7f12bc021000-7f12c0000000 ---p 00000000 00:00 0 
7f12c2bfc000-7f12c2bfd000 ---p 00000000 00:00 0 
7f12c2bfd000-7f12c2cfd000 rw-p 00000000 00:00 0 
7f12c2cfd000-7f12c2d00000 ---p 00000000 00:00 0 
7f12c2d00000-7f12c2dfe000 rw-p 00000000 00:00 0 
7f12c2dfe000-7f12c2e01000 ---p 00000000 00:00 0 
7f12c2e01000-7f12c2eff000 rw-p 00000000 00:00 0 
7f12c2eff000-7f12c2f02000 ---p 00000000 00:00 0 
7f12c2f02000-7f12c5000000 rw-p 00000000 00:00 0 
7f12c5000000-7f12c5540000 rwxp 00000000 00:00 0 
7f12c5540000-7f12d4000000 ---p 00000000 00:00 0 
7f12d4000000-7f12d43ef000 rw-p 00000000 00:00 0 
7f12d43ef000-7f12d8000000 ---p 00000000 00:00 0 
7f12d8019000-7f12d8023000 r--s 0063d000 08:01 1053066                    /home/java/.m2/repository/com/vaadin/vaadin-themes/8.0.6/vaadin-themes-8.0.6.jar
7f12d8023000-7f12d8026000 r--s 000b8000 08:01 1053065                    /home/java/.m2/repository/com/vaadin/vaadin-client-compiled/8.0.6/vaadin-client-compiled-8.0.6.jar
7f12d8026000-7f12d8028000 r--s 00007000 08:01 1053062                    /home/java/.m2/repository/com/vaadin/external/slf4j/vaadin-slf4j-jdk14/1.6.1/vaadin-slf4j-jdk14-1.6.1.jar
7f12d8028000-7f12d8038000 r--s 000cb000 08:01 1053061                    /home/java/.m2/repository/com/vaadin/external/atmosphere/atmosphere-runtime/2.4.5.vaadin2/atmosphere-runtime-2.4.5.vaadin2.jar
7f12d8038000-7f12d803e000 r--s 00047000 08:01 1053055                    /home/java/.m2/repository/org/jsoup/jsoup/1.8.3/jsoup-1.8.3.jar
7f12d803e000-7f12d804d000 r--s 0005d000 08:01 1053052                    /home/java/.m2/repository/com/vaadin/vaadin-shared/8.0.6/vaadin-shared-8.0.6.jar
7f12d804d000-7f12d8056000 r--s 0007a000 08:01 1053044                    /home/java/.m2/repository/com/vaadin/vaadin-sass-compiler/0.9.13/vaadin-sass-compiler-0.9.13.jar
7f12d8056000-7f12d8074000 r--s 00226000 08:01 1053050                    /home/java/.m2/repository/com/vaadin/vaadin-server/8.0.6/vaadin-server-8.0.6.jar
7f12d8074000-7f12d8077000 ---p 00000000 00:00 0 
7f12d8077000-7f12d8175000 rw-p 00000000 00:00 0 
7f12d8175000-7f12d857e000 r--p 00000000 08:01 1969229                    /usr/lib/locale/locale-archive
7f12d857e000-7f12d8581000 ---p 00000000 00:00 0 
7f12d8581000-7f12d867f000 rw-p 00000000 00:00 0 
7f12d867f000-7f12d8682000 ---p 00000000 00:00 0 
7f12d8682000-7f12d8780000 rw-p 00000000 00:00 0 
7f12d8780000-7f12d8781000 ---p 00000000 00:00 0 
7f12d8781000-7f12d91ed000 rw-p 00000000 00:00 0 
7f12d91ed000-7f12d93c6000 r--s 03d40000 08:01 1984872                    /usr/lib/jvm/java-8-oracle/jre/lib/rt.jar
7f12d93c6000-7f12d99fc000 rw-p 00000000 00:00 0 
7f12d99fc000-7f12d9c3c000 ---p 00000000 00:00 0 
7f12d9c3c000-7f12d9e3c000 rw-p 00000000 00:00 0 
7f12d9e3c000-7f12d9e3d000 ---p 00000000 00:00 0 
7f12d9e3d000-7f12d9f3d000 rw-p 00000000 00:00 0 
7f12d9f3d000-7f12d9f3e000 ---p 00000000 00:00 0 
7f12d9f3e000-7f12da04e000 rw-p 00000000 00:00 0 
7f12da04e000-7f12da194000 ---p 00000000 00:00 0 
7f12da194000-7f12da1a4000 rw-p 00000000 00:00 0 
7f12da1a4000-7f12da2e9000 ---p 00000000 00:00 0 
7f12da2e9000-7f12da31f000 rw-p 00000000 00:00 0 
7f12da31f000-7f12da394000 ---p 00000000 00:00 0 
7f12da394000-7f12da3aa000 rw-p 00000000 00:00 0 
7f12da3aa000-7f12da755000 ---p 00000000 00:00 0 
7f12da755000-7f12da76f000 r-xp 00000000 08:01 1984926                    /usr/lib/jvm/java-8-oracle/jre/lib/amd64/libzip.so
7f12da76f000-7f12da96f000 ---p 0001a000 08:01 1984926                    /usr/lib/jvm/java-8-oracle/jre/lib/amd64/libzip.so
7f12da96f000-7f12da970000 rw-p 0001a000 08:01 1984926                    /usr/lib/jvm/java-8-oracle/jre/lib/amd64/libzip.so
7f12da970000-7f12da97b000 r-xp 00000000 08:01 660370                     /lib/x86_64-linux-gnu/libnss_files-2.23.so
7f12da97b000-7f12dab7a000 ---p 0000b000 08:01 660370                     /lib/x86_64-linux-gnu/libnss_files-2.23.so
7f12dab7a000-7f12dab7b000 r--p 0000a000 08:01 660370                     /lib/x86_64-linux-gnu/libnss_files-2.23.so
7f12dab7b000-7f12dab7c000 rw-p 0000b000 08:01 660370                     /lib/x86_64-linux-gnu/libnss_files-2.23.so
7f12dab7c000-7f12dab82000 rw-p 00000000 00:00 0 
7f12dab82000-7f12dab8d000 r-xp 00000000 08:01 660397                     /lib/x86_64-linux-gnu/libnss_nis-2.23.so
7f12dab8d000-7f12dad8c000 ---p 0000b000 08:01 660397                     /lib/x86_64-linux-gnu/libnss_nis-2.23.so
7f12dad8c000-7f12dad8d000 r--p 0000a000 08:01 660397                     /lib/x86_64-linux-gnu/libnss_nis-2.23.so
7f12dad8d000-7f12dad8e000 rw-p 0000b000 08:01 660397                     /lib/x86_64-linux-gnu/libnss_nis-2.23.so
7f12dad8e000-7f12dada4000 r-xp 00000000 08:01 660364                     /lib/x86_64-linux-gnu/libnsl-2.23.so
7f12dada4000-7f12dafa3000 ---p 00016000 08:01 660364                     /lib/x86_64-linux-gnu/libnsl-2.23.so
7f12dafa3000-7f12dafa4000 r--p 00015000 08:01 660364                     /lib/x86_64-linux-gnu/libnsl-2.23.so
7f12dafa4000-7f12dafa5000 rw-p 00016000 08:01 660364                     /lib/x86_64-linux-gnu/libnsl-2.23.so
7f12dafa5000-7f12dafa7000 rw-p 00000000 00:00 0 
7f12dafa7000-7f12dafaf000 r-xp 00000000 08:01 660468                     /lib/x86_64-linux-gnu/libnss_compat-2.23.so
7f12dafaf000-7f12db1ae000 ---p 00008000 08:01 660468                     /lib/x86_64-linux-gnu/libnss_compat-2.23.so
7f12db1ae000-7f12db1af000 r--p 00007000 08:01 660468                     /lib/x86_64-linux-gnu/libnss_compat-2.23.so
7f12db1af000-7f12db1b0000 rw-p 00008000 08:01 660468                     /lib/x86_64-linux-gnu/libnss_compat-2.23.so
7f12db1b0000-7f12db1db000 r-xp 00000000 08:01 1984920                    /usr/lib/jvm/java-8-oracle/jre/lib/amd64/libjava.so
7f12db1db000-7f12db3da000 ---p 0002b000 08:01 1984920                    /usr/lib/jvm/java-8-oracle/jre/lib/amd64/libjava.so
7f12db3da000-7f12db3dc000 rw-p 0002a000 08:01 1984920                    /usr/lib/jvm/java-8-oracle/jre/lib/amd64/libjava.so
7f12db3dc000-7f12db3e9000 r-xp 00000000 08:01 1984925                    /usr/lib/jvm/java-8-oracle/jre/lib/amd64/libverify.so
7f12db3e9000-7f12db5e8000 ---p 0000d000 08:01 1984925                    /usr/lib/jvm/java-8-oracle/jre/lib/amd64/libverify.so
7f12db5e8000-7f12db5ea000 rw-p 0000c000 08:01 1984925                    /usr/lib/jvm/java-8-oracle/jre/lib/amd64/libverify.so
7f12db5ea000-7f12db5f1000 r-xp 00000000 08:01 660402                     /lib/x86_64-linux-gnu/librt-2.23.so
7f12db5f1000-7f12db7f0000 ---p 00007000 08:01 660402                     /lib/x86_64-linux-gnu/librt-2.23.so
7f12db7f0000-7f12db7f1000 r--p 00006000 08:01 660402                     /lib/x86_64-linux-gnu/librt-2.23.so
7f12db7f1000-7f12db7f2000 rw-p 00007000 08:01 660402                     /lib/x86_64-linux-gnu/librt-2.23.so
7f12db7f2000-7f12db8fa000 r-xp 00000000 08:01 660489                     /lib/x86_64-linux-gnu/libm-2.23.so
7f12db8fa000-7f12dbaf9000 ---p 00108000 08:01 660489                     /lib/x86_64-linux-gnu/libm-2.23.so
7f12dbaf9000-7f12dbafa000 r--p 00107000 08:01 660489                     /lib/x86_64-linux-gnu/libm-2.23.so
7f12dbafa000-7f12dbafb000 rw-p 00108000 08:01 660489                     /lib/x86_64-linux-gnu/libm-2.23.so
7f12dbafb000-7f12dc7ca000 r-xp 00000000 08:01 1984948                    /usr/lib/jvm/java-8-oracle/jre/lib/amd64/server/libjvm.so
7f12dc7ca000-7f12dc9ca000 ---p 00ccf000 08:01 1984948                    /usr/lib/jvm/java-8-oracle/jre/lib/amd64/server/libjvm.so
7f12dc9ca000-7f12dcaa3000 rw-p 00ccf000 08:01 1984948                    /usr/lib/jvm/java-8-oracle/jre/lib/amd64/server/libjvm.so
7f12dcaa3000-7f12dcaee000 rw-p 00000000 00:00 0 
7f12dcaee000-7f12dccae000 r-xp 00000000 08:01 660502                     /lib/x86_64-linux-gnu/libc-2.23.so
7f12dccae000-7f12dceae000 ---p 001c0000 08:01 660502                     /lib/x86_64-linux-gnu/libc-2.23.so
7f12dceae000-7f12dceb2000 r--p 001c0000 08:01 660502                     /lib/x86_64-linux-gnu/libc-2.23.so
7f12dceb2000-7f12dceb4000 rw-p 001c4000 08:01 660502                     /lib/x86_64-linux-gnu/libc-2.23.so
7f12dceb4000-7f12dceb8000 rw-p 00000000 00:00 0 
7f12dceb8000-7f12dcebb000 r-xp 00000000 08:01 660463                     /lib/x86_64-linux-gnu/libdl-2.23.so
7f12dcebb000-7f12dd0ba000 ---p 00003000 08:01 660463                     /lib/x86_64-linux-gnu/libdl-2.23.so
7f12dd0ba000-7f12dd0bb000 r--p 00002000 08:01 660463                     /lib/x86_64-linux-gnu/libdl-2.23.so
7f12dd0bb000-7f12dd0bc000 rw-p 00003000 08:01 660463                     /lib/x86_64-linux-gnu/libdl-2.23.so
7f12dd0bc000-7f12dd0d1000 r-xp 00000000 08:01 1984944                    /usr/lib/jvm/java-8-oracle/jre/lib/amd64/jli/libjli.so
7f12dd0d1000-7f12dd2d1000 ---p 00015000 08:01 1984944                    /usr/lib/jvm/java-8-oracle/jre/lib/amd64/jli/libjli.so
7f12dd2d1000-7f12dd2d2000 rw-p 00015000 08:01 1984944                    /usr/lib/jvm/java-8-oracle/jre/lib/amd64/jli/libjli.so
7f12dd2d2000-7f12dd2ea000 r-xp 00000000 08:01 660392                     /lib/x86_64-linux-gnu/libpthread-2.23.so
7f12dd2ea000-7f12dd4e9000 ---p 00018000 08:01 660392                     /lib/x86_64-linux-gnu/libpthread-2.23.so
7f12dd4e9000-7f12dd4ea000 r--p 00017000 08:01 660392                     /lib/x86_64-linux-gnu/libpthread-2.23.so
7f12dd4ea000-7f12dd4eb000 rw-p 00018000 08:01 660392                     /lib/x86_64-linux-gnu/libpthread-2.23.so
7f12dd4eb000-7f12dd4ef000 rw-p 00000000 00:00 0 
7f12dd4ef000-7f12dd515000 r-xp 00000000 08:01 660365                     /lib/x86_64-linux-gnu/ld-2.23.so
7f12dd515000-7f12dd516000 r--s 00013000 08:01 1053058                    /home/java/.m2/repository/com/vaadin/vaadin-push/8.0.6/vaadin-push-8.0.6.jar
7f12dd516000-7f12dd518000 r--s 00012000 08:01 1053048                    /home/java/.m2/repository/com/vaadin/external/flute/flute/1.3.0.gg2/flute-1.3.0.gg2.jar
7f12dd518000-7f12dd51b000 r--s 00012000 08:01 1053042                    /home/java/.m2/repository/javax/servlet/javax.servlet-api/3.0.1/javax.servlet-api-3.0.1.jar
7f12dd51b000-7f12dd5ed000 rw-p 00000000 00:00 0 
7f12dd5ed000-7f12dd5f0000 ---p 00000000 00:00 0 
7f12dd5f0000-7f12dd6f2000 rw-p 00000000 00:00 0 
7f12dd6f2000-7f12dd6f3000 r--s 00005000 08:01 1053057                    /home/java/.m2/repository/com/googlecode/gentyref/gentyref/1.2.0/gentyref-1.2.0.jar
7f12dd6f3000-7f12dd6f4000 r--s 00003000 08:01 1053046                    /home/java/.m2/repository/org/w3c/css/sac/1.3/sac-1.3.jar
7f12dd6f4000-7f12dd708000 rw-p 00000000 00:00 0 
7f12dd708000-7f12dd710000 rw-s 00000000 08:01 2885720                    /tmp/hsperfdata_java/19641
7f12dd710000-7f12dd711000 rw-p 00000000 00:00 0 
7f12dd711000-7f12dd712000 ---p 00000000 00:00 0 
7f12dd712000-7f12dd714000 rw-p 00000000 00:00 0 
7f12dd714000-7f12dd715000 r--p 00025000 08:01 660365                     /lib/x86_64-linux-gnu/ld-2.23.so
7f12dd715000-7f12dd716000 rw-p 00026000 08:01 660365                     /lib/x86_64-linux-gnu/ld-2.23.so
7f12dd716000-7f12dd717000 rw-p 00000000 00:00 0 
7fff15254000-7fff15275000 rw-p 00000000 00:00 0                          [stack]
7fff1539e000-7fff153a0000 r--p 00000000 00:00 0                          [vvar]
7fff153a0000-7fff153a2000 r-xp 00000000 00:00 0                          [vdso]
ffffffffff600000-ffffffffff601000 r-xp 00000000 00:00 0                  [vsyscall]

VM Arguments:
jvm_args: -Xmx1G 
java_command: com.vaadin.sass.SassCompiler /home/java/eclipse-workspace/ejercicio07/src/main/webapp/VAADIN/themes/mytheme/styles.scss /home/java/eclipse-workspace/ejercicio07/src/main/webapp/VAADIN/themes/mytheme/styles.css
java_class_path (initial): /home/java/eclipse-workspace/ejercicio07/src/main/webapp:/home/java/eclipse-workspace/ejercicio07/target/classes:/home/java/eclipse-workspace/ejercicio07/src/main/java:/home/java/.m2/repository/javax/servlet/javax.servlet-api/3.0.1/javax.servlet-api-3.0.1.jar:/home/java/.m2/repository/com/vaadin/vaadin-server/8.0.6/vaadin-server-8.0.6.jar:/home/java/.m2/repository/com/vaadin/vaadin-sass-compiler/0.9.13/vaadin-sass-compiler-0.9.13.jar:/home/java/.m2/repository/org/w3c/css/sac/1.3/sac-1.3.jar:/home/java/.m2/repository/com/vaadin/external/flute/flute/1.3.0.gg2/flute-1.3.0.gg2.jar:/home/java/.m2/repository/com/vaadin/vaadin-shared/8.0.6/vaadin-shared-8.0.6.jar:/home/java/.m2/repository/org/jsoup/jsoup/1.8.3/jsoup-1.8.3.jar:/home/java/.m2/repository/com/googlecode/gentyref/gentyref/1.2.0/gentyref-1.2.0.jar:/home/java/.m2/repository/com/vaadin/vaadin-push/8.0.6/vaadin-push-8.0.6.jar:/home/java/.m2/repository/com/vaadin/external/atmosphere/atmosphere-runtime/2.4.5.vaadin2/atmosphere-runtime-2.4.5.vaadin2.jar:/home/java/.m2/repository/com/vaadin/external/slf4j/vaadin-slf4j-jdk14/1.6.1/vaadin-slf4j-jdk14-1.6.1.jar:/home/java/.m2/repository/com/vaadin/vaadin-client-compiled/8.0.6/vaadin-client-compiled-8.0.6.jar:/home/java/.m2/repository/com/vaadin/vaadin-themes/8.0.6/vaadin-themes-8.0.6.jar
Launcher Type: SUN_STANDARD

Environment Variables:
JAVA_HOME=/usr/lib/jvm/java-8-oracle
CLASSPATH=/home/java/eclipse-workspace/ejercicio07/src/main/webapp:/home/java/eclipse-workspace/ejercicio07/target/classes:/home/java/eclipse-workspace/ejercicio07/src/main/java:/home/java/.m2/repository/javax/servlet/javax.servlet-api/3.0.1/javax.servlet-api-3.0.1.jar:/home/java/.m2/repository/com/vaadin/vaadin-server/8.0.6/vaadin-server-8.0.6.jar:/home/java/.m2/repository/com/vaadin/vaadin-sass-compiler/0.9.13/vaadin-sass-compiler-0.9.13.jar:/home/java/.m2/repository/org/w3c/css/sac/1.3/sac-1.3.jar:/home/java/.m2/repository/com/vaadin/external/flute/flute/1.3.0.gg2/flute-1.3.0.gg2.jar:/home/java/.m2/repository/com/vaadin/vaadin-shared/8.0.6/vaadin-shared-8.0.6.jar:/home/java/.m2/repository/org/jsoup/jsoup/1.8.3/jsoup-1.8.3.jar:/home/java/.m2/repository/com/googlecode/gentyref/gentyref/1.2.0/gentyref-1.2.0.jar:/home/java/.m2/repository/com/vaadin/vaadin-push/8.0.6/vaadin-push-8.0.6.jar:/home/java/.m2/repository/com/vaadin/external/atmosphere/atmosphere-runtime/2.4.5.vaadin2/atmosphere-runtime-2.4.5.vaadin2.jar:/home/java/.m2/repository/com/vaadin/external/slf4j/vaadin-slf4j-jdk14/1.6.1/vaadin-slf4j-jdk14-1.6.1.jar:/home/java/.m2/repository/com/vaadin/vaadin-client-compiled/8.0.6/vaadin-client-compiled-8.0.6.jar:/home/java/.m2/repository/com/vaadin/vaadin-themes/8.0.6/vaadin-themes-8.0.6.jar
PATH=/home/java/bin:/home/java/.local/bin:/usr/local/sbin:/usr/local/bin:/usr/sbin:/usr/bin:/sbin:/bin:/usr/games:/usr/local/games:/usr/lib/jvm/java-8-oracle/bin:/usr/lib/jvm/java-8-oracle/db/bin:/usr/lib/jvm/java-8-oracle/jre/bin
USERNAME=java
SHELL=/bin/bash
DISPLAY=:0

Signal Handlers:
SIGSEGV: [libjvm.so+0xac8af0], sa_mask[0]=11111111011111111101111111111110, sa_flags=SA_RESTART|SA_SIGINFO
SIGBUS: [libjvm.so+0xac8af0], sa_mask[0]=11111111011111111101111111111110, sa_flags=SA_RESTART|SA_SIGINFO
SIGFPE: [libjvm.so+0x921dd0], sa_mask[0]=11111111011111111101111111111110, sa_flags=SA_RESTART|SA_SIGINFO
SIGPIPE: [libjvm.so+0x921dd0], sa_mask[0]=11111111011111111101111111111110, sa_flags=SA_RESTART|SA_SIGINFO
SIGXFSZ: [libjvm.so+0x921dd0], sa_mask[0]=11111111011111111101111111111110, sa_flags=SA_RESTART|SA_SIGINFO
SIGILL: [libjvm.so+0x921dd0], sa_mask[0]=11111111011111111101111111111110, sa_flags=SA_RESTART|SA_SIGINFO
SIGUSR1: SIG_DFL, sa_mask[0]=00000000000000000000000000000000, sa_flags=none
SIGUSR2: [libjvm.so+0x923610], sa_mask[0]=00100000000000000000000000000000, sa_flags=SA_RESTART|SA_SIGINFO
SIGHUP: [libjvm.so+0x924a10], sa_mask[0]=11111111011111111101111111111110, sa_flags=SA_RESTART|SA_SIGINFO
SIGINT: [libjvm.so+0x924a10], sa_mask[0]=11111111011111111101111111111110, sa_flags=SA_RESTART|SA_SIGINFO
SIGTERM: [libjvm.so+0x924a10], sa_mask[0]=11111111011111111101111111111110, sa_flags=SA_RESTART|SA_SIGINFO
SIGQUIT: [libjvm.so+0x924a10], sa_mask[0]=11111111011111111101111111111110, sa_flags=SA_RESTART|SA_SIGINFO


---------------  S Y S T E M  ---------------

OS:DISTRIB_ID=LinuxMint
DISTRIB_RELEASE=18.1
DISTRIB_CODENAME=serena
DISTRIB_DESCRIPTION="Linux Mint 18.1 Serena"

uname:Linux 4.4.0-83-generic #106-Ubuntu SMP Mon Jun 26 17:54:43 UTC 2017 x86_64
libc:glibc 2.23 NPTL 2.23 
rlimit: STACK 8192k, CORE 0k, NPROC 11865, NOFILE 65536, AS infinity
load average:0,73 0,41 0,30

/proc/meminfo:
MemTotal:        3080356 kB
MemFree:           77272 kB
MemAvailable:      20064 kB
Buffers:             348 kB
Cached:            64504 kB
SwapCached:            0 kB
Active:          2841924 kB
Inactive:          54364 kB
Active(anon):    2832496 kB
Inactive(anon):    43172 kB
Active(file):       9428 kB
Inactive(file):    11192 kB
Unevictable:          32 kB
Mlocked:              32 kB
SwapTotal:             0 kB
SwapFree:              0 kB
Dirty:               240 kB
Writeback:             0 kB
AnonPages:       2831640 kB
Mapped:            56692 kB
Shmem:             44088 kB
Slab:              45596 kB
SReclaimable:      23708 kB
SUnreclaim:        21888 kB
KernelStack:        8624 kB
PageTables:        27204 kB
NFS_Unstable:          0 kB
Bounce:                0 kB
WritebackTmp:          0 kB
CommitLimit:     1540176 kB
Committed_AS:    4951084 kB
VmallocTotal:   34359738367 kB
VmallocUsed:           0 kB
VmallocChunk:          0 kB
HardwareCorrupted:     0 kB
AnonHugePages:   1193984 kB
CmaTotal:              0 kB
CmaFree:               0 kB
HugePages_Total:       0
HugePages_Free:        0
HugePages_Rsvd:        0
HugePages_Surp:        0
Hugepagesize:       2048 kB
DirectMap4k:      102336 kB
DirectMap2M:     3043328 kB


CPU:total 2 (initial active 2) (2 cores per cpu, 1 threads per core) family 6 model 142 stepping 9, cmov, cx8, fxsr, mmx, sse, sse2, sse3, ssse3, sse4.1, sse4.2, popcnt, avx, aes, clmul, 3dnowpref, lzcnt, tsc, tscinvbit

/proc/cpuinfo:
processor	: 0
vendor_id	: GenuineIntel
cpu family	: 6
model		: 142
model name	: Intel(R) Core(TM) i7-7500U CPU @ 2.70GHz
stepping	: 9
cpu MHz		: 2903.996
cache size	: 4096 KB
physical id	: 0
siblings	: 2
core id		: 0
cpu cores	: 2
apicid		: 0
initial apicid	: 0
fpu		: yes
fpu_exception	: yes
cpuid level	: 22
wp		: yes
flags		: fpu vme de pse tsc msr pae mce cx8 apic sep mtrr pge mca cmov pat pse36 clflush mmx fxsr sse sse2 ht syscall nx rdtscp lm constant_tsc rep_good nopl xtopology nonstop_tsc pni pclmulqdq ssse3 cx16 sse4_1 sse4_2 x2apic movbe popcnt aes xsave avx rdrand hypervisor lahf_lm abm 3dnowprefetch rdseed clflushopt
bugs		:
bogomips	: 5807.99
clflush size	: 64
cache_alignment	: 64
address sizes	: 39 bits physical, 48 bits virtual
power management:

processor	: 1
vendor_id	: GenuineIntel
cpu family	: 6
model		: 142
model name	: Intel(R) Core(TM) i7-7500U CPU @ 2.70GHz
stepping	: 9
cpu MHz		: 2903.996
cache size	: 4096 KB
physical id	: 0
siblings	: 2
core id		: 1
cpu cores	: 2
apicid		: 1
initial apicid	: 1
fpu		: yes
fpu_exception	: yes
cpuid level	: 22
wp		: yes
flags		: fpu vme de pse tsc msr pae mce cx8 apic sep mtrr pge mca cmov pat pse36 clflush mmx fxsr sse sse2 ht syscall nx rdtscp lm constant_tsc rep_good nopl xtopology nonstop_tsc pni pclmulqdq ssse3 cx16 sse4_1 sse4_2 x2apic movbe popcnt aes xsave avx rdrand hypervisor lahf_lm abm 3dnowprefetch rdseed clflushopt
bugs		:
bogomips	: 5807.99
clflush size	: 64
cache_alignment	: 64
address sizes	: 39 bits physical, 48 bits virtual
power management:



Memory: 4k page, physical 3080356k(77272k free), swap 0k(0k free)

vm_info: Java HotSpot(TM) 64-Bit Server VM (25.131-b11) for linux-amd64 JRE (1.8.0_131-b11), built on Mar 15 2017 01:23:40 by "java_re" with gcc 4.3.0 20080428 (Red Hat 4.3.0-8)

time: Mon Jul 10 12:41:37 2017
elapsed time: 1 seconds (0d 0h 0m 1s)

